TN:
SF:C:\Users\louig\Desktop\Hardhat\contracts\FundMe.sol
FN:23,onlyOwner
FN:31,constructor
FN:37,fund
FN:44,withdraw
FN:55,cheaperWithdraw
FN:68,getOwner
FN:71,getFundersList
FN:74,getAddressValue
FN:77,getPriceFeed
FNF:9
FNH:8
FNDA:4,onlyOwner
FNDA:3,constructor
FNDA:17,fund
FNDA:2,withdraw
FNDA:1,cheaperWithdraw
FNDA:0,getOwner
FNDA:3,getFundersList
FNDA:11,getAddressValue
FNDA:1,getPriceFeed
DA:25,4
DA:26,1
DA:28,3
DA:32,3
DA:33,3
DA:34,3
DA:38,17
DA:39,16
DA:40,16
DA:41,16
DA:45,2
DA:46,7
DA:47,7
DA:49,2
DA:51,2
DA:52,2
DA:56,1
DA:58,1
DA:59,6
DA:60,6
DA:62,1
DA:64,1
DA:65,1
DA:69,0
DA:72,3
DA:75,11
DA:78,1
LF:27
LH:26
BRDA:25,1,0,1
BRDA:25,1,1,3
BRDA:38,2,0,16
BRDA:38,2,1,1
BRDA:44,3,0,2
BRDA:44,3,1,1
BRDA:52,4,0,2
BRDA:52,4,1,0
BRDA:55,5,0,1
BRDA:55,5,1,0
BRDA:65,6,0,1
BRDA:65,6,1,0
BRF:12
BRH:9
end_of_record
TN:
SF:C:\Users\louig\Desktop\Hardhat\contracts\PriceConverter.sol
FN:7,getPrice
FN:13,getConversionRate
FNF:2
FNH:2
FNDA:17,getPrice
FNDA:17,getConversionRate
DA:8,17
DA:10,17
DA:14,17
DA:15,17
DA:17,17
LF:5
LH:5
BRF:0
BRH:0
end_of_record
TN:
SF:C:\Users\louig\Desktop\Hardhat\contracts\test\MockV3Agrregator.sol
FNF:0
FNH:0
LF:0
LH:0
BRF:0
BRH:0
end_of_record
