{"contracts\\FundMe.sol":{"l":{"25":4,"26":1,"28":3,"32":3,"33":3,"34":3,"38":17,"39":16,"40":16,"41":16,"45":2,"46":7,"47":7,"49":2,"51":2,"52":2,"56":1,"58":1,"59":6,"60":6,"62":1,"64":1,"65":1,"69":0,"72":3,"75":11,"78":1},"path":"C:\\Users\\louig\\Desktop\\Hardhat\\contracts\\FundMe.sol","s":{"1":4,"2":3,"3":17,"4":16,"5":16,"6":2,"7":7,"8":2,"9":2,"10":1,"11":1,"12":6,"13":1,"14":1,"15":0,"16":3,"17":11,"18":1},"b":{"1":[1,3],"2":[16,1],"3":[2,1],"4":[2,0],"5":[1,0],"6":[1,0]},"f":{"1":4,"2":3,"3":17,"4":2,"5":1,"6":0,"7":3,"8":11,"9":1},"fnMap":{"1":{"name":"onlyOwner","line":23,"loc":{"start":{"line":23,"column":4},"end":{"line":29,"column":4}}},"2":{"name":"constructor","line":31,"loc":{"start":{"line":31,"column":4},"end":{"line":35,"column":4}}},"3":{"name":"fund","line":37,"loc":{"start":{"line":37,"column":4},"end":{"line":42,"column":4}}},"4":{"name":"withdraw","line":44,"loc":{"start":{"line":44,"column":4},"end":{"line":53,"column":4}}},"5":{"name":"cheaperWithdraw","line":55,"loc":{"start":{"line":55,"column":4},"end":{"line":66,"column":4}}},"6":{"name":"getOwner","line":68,"loc":{"start":{"line":68,"column":4},"end":{"line":70,"column":4}}},"7":{"name":"getFundersList","line":71,"loc":{"start":{"line":71,"column":4},"end":{"line":73,"column":4}}},"8":{"name":"getAddressValue","line":74,"loc":{"start":{"line":74,"column":4},"end":{"line":76,"column":4}}},"9":{"name":"getPriceFeed","line":77,"loc":{"start":{"line":77,"column":4},"end":{"line":79,"column":4}}}},"statementMap":{"1":{"start":{"line":25,"column":8},"end":{"line":25,"column":714}},"2":{"start":{"line":33,"column":8},"end":{"line":33,"column":62}},"3":{"start":{"line":38,"column":8},"end":{"line":38,"column":91}},"4":{"start":{"line":39,"column":8},"end":{"line":39,"column":80}},"5":{"start":{"line":41,"column":8},"end":{"line":41,"column":37}},"6":{"start":{"line":45,"column":8},"end":{"line":45,"column":1375}},"7":{"start":{"line":46,"column":12},"end":{"line":46,"column":45}},"8":{"start":{"line":51,"column":8},"end":{"line":51,"column":89}},"9":{"start":{"line":52,"column":8},"end":{"line":52,"column":42}},"10":{"start":{"line":56,"column":8},"end":{"line":56,"column":48}},"11":{"start":{"line":58,"column":8},"end":{"line":58,"column":1821}},"12":{"start":{"line":59,"column":12},"end":{"line":59,"column":39}},"13":{"start":{"line":64,"column":8},"end":{"line":64,"column":77}},"14":{"start":{"line":65,"column":8},"end":{"line":65,"column":42}},"15":{"start":{"line":69,"column":8},"end":{"line":69,"column":22}},"16":{"start":{"line":72,"column":8},"end":{"line":72,"column":35}},"17":{"start":{"line":75,"column":8},"end":{"line":75,"column":32}},"18":{"start":{"line":78,"column":8},"end":{"line":78,"column":26}}},"branchMap":{"1":{"line":25,"type":"if","locations":[{"start":{"line":25,"column":8},"end":{"line":25,"column":8}},{"start":{"line":25,"column":8},"end":{"line":25,"column":8}}]},"2":{"line":38,"type":"if","locations":[{"start":{"line":38,"column":8},"end":{"line":38,"column":8}},{"start":{"line":38,"column":8},"end":{"line":38,"column":8}}]},"3":{"line":44,"type":"if","locations":[{"start":{"line":44,"column":31},"end":{"line":44,"column":31}},{"start":{"line":44,"column":31},"end":{"line":44,"column":31}}]},"4":{"line":52,"type":"if","locations":[{"start":{"line":52,"column":8},"end":{"line":52,"column":8}},{"start":{"line":52,"column":8},"end":{"line":52,"column":8}}]},"5":{"line":55,"type":"if","locations":[{"start":{"line":55,"column":47},"end":{"line":55,"column":47}},{"start":{"line":55,"column":47},"end":{"line":55,"column":47}}]},"6":{"line":65,"type":"if","locations":[{"start":{"line":65,"column":8},"end":{"line":65,"column":8}},{"start":{"line":65,"column":8},"end":{"line":65,"column":8}}]}}},"contracts\\PriceConverter.sol":{"l":{"8":17,"10":17,"14":17,"15":17,"17":17},"path":"C:\\Users\\louig\\Desktop\\Hardhat\\contracts\\PriceConverter.sol","s":{"1":17,"2":17,"3":17,"4":17,"5":17},"b":{},"f":{"1":17,"2":17},"fnMap":{"1":{"name":"getPrice","line":7,"loc":{"start":{"line":7,"column":4},"end":{"line":11,"column":4}}},"2":{"name":"getConversionRate","line":13,"loc":{"start":{"line":13,"column":4},"end":{"line":18,"column":4}}}},"statementMap":{"1":{"start":{"line":8,"column":8},"end":{"line":8,"column":56}},"2":{"start":{"line":10,"column":8},"end":{"line":10,"column":36}},"3":{"start":{"line":14,"column":8},"end":{"line":14,"column":46}},"4":{"start":{"line":15,"column":8},"end":{"line":15,"column":63}},"5":{"start":{"line":17,"column":8},"end":{"line":17,"column":30}}},"branchMap":{}},"contracts\\test\\MockV3Agrregator.sol":{"l":{},"path":"C:\\Users\\louig\\Desktop\\Hardhat\\contracts\\test\\MockV3Agrregator.sol","s":{},"b":{},"f":{},"fnMap":{},"statementMap":{},"branchMap":{}}}